18-Mar-24 18:06:29-INFO-Browser is initiated
18-Mar-24 18:06:44-INFO-Microsoft authenticator step is initiated...
18-Mar-24 18:06:44-INFO-Microsoft value is entered...
18-Mar-24 18:07:52-INFO-Successfully landing into content inteliigence page..
18-Mar-24 18:07:52-INFO-Login page verification
18-Mar-24 18:07:57-INFO-******Verify the title of home page***********
18-Mar-24 18:07:57-INFO-Title of home page is Content Intelligence
18-Mar-24 20:29:47-INFO-Browser is initiated
18-Mar-24 20:30:07-INFO-Microsoft authenticator step is initiated...
18-Mar-24 20:30:07-INFO-Microsoft value is entered...
18-Mar-24 20:32:19-INFO-Browser is initiated
18-Mar-24 20:32:34-INFO-Microsoft authenticator step is initiated...
18-Mar-24 20:32:34-INFO-Microsoft value is entered...
18-Mar-24 20:33:44-INFO-Successfully landing into content inteliigence page..
18-Mar-24 20:33:44-INFO-Login page verification
18-Mar-24 20:36:20-INFO-Browser is initiated
18-Mar-24 20:36:35-INFO-Microsoft authenticator step is initiated...
18-Mar-24 20:36:35-INFO-Microsoft value is entered...
18-Mar-24 20:37:44-INFO-Successfully landing into content inteliigence page..
18-Mar-24 20:37:44-INFO-Login page verification
20-Mar-24 09:56:27-INFO-Browser is initiated
20-Mar-24 09:56:45-INFO-Microsoft authenticator step is initiated...
20-Mar-24 09:56:45-INFO-Microsoft value is entered...
20-Mar-24 09:57:55-INFO-Successfully landing into content inteliigence page..
20-Mar-24 09:57:55-INFO-Login page verification
20-Mar-24 09:58:00-INFO-******Verify the title of home page***********
20-Mar-24 09:58:00-INFO-Title of home page is Content Intelligence
20-Mar-24 11:22:12-INFO-hello welcome
20-Mar-24 11:22:12-INFO-Browser is initiated
20-Mar-24 11:22:28-INFO-Microsoft authenticator step is initiated...
20-Mar-24 11:22:28-INFO-Microsoft value is entered...
20-Mar-24 11:23:36-INFO-Successfully landing into content inteliigence page..
20-Mar-24 11:36:22-INFO-Browser is initiated
20-Mar-24 11:36:38-INFO-Microsoft authenticator step is initiated...
20-Mar-24 11:36:38-INFO-Microsoft value is entered...
20-Mar-24 11:37:53-INFO-Browser is initiated
20-Mar-24 11:38:09-INFO-Microsoft authenticator step is initiated...
20-Mar-24 11:38:10-INFO-Microsoft value is entered...
20-Mar-24 14:01:27-INFO-Browser is initiated
20-Mar-24 14:01:43-INFO-Microsoft authenticator step is initiated...
20-Mar-24 14:01:43-INFO-Microsoft value is entered...
20-Mar-24 14:02:51-INFO-Successfully landing into content inteliigence page..
20-Mar-24 14:02:56-INFO-The name of the home page is Content Intelligence
20-Mar-24 14:20:30-INFO-Browser is initiated
20-Mar-24 14:20:45-INFO-Microsoft authenticator step is initiated...
20-Mar-24 14:20:45-INFO-Microsoft value is entered...
20-Mar-24 14:21:53-INFO-Successfully landing into content inteliigence page..
20-Mar-24 14:21:53-INFO-Test_001_Login Started
20-Mar-24 14:48:02-INFO-Browser is initiated
20-Mar-24 14:48:19-INFO-Microsoft authenticator step is initiated...
20-Mar-24 14:48:19-INFO-Microsoft value is entered...
20-Mar-24 14:49:27-INFO-Successfully landing into content inteliigence page..
20-Mar-24 14:49:27-INFO-Test_001_Login Started
20-Mar-24 14:53:59-INFO-Browser is initiated
20-Mar-24 14:54:15-INFO-Microsoft authenticator step is initiated...
20-Mar-24 14:54:15-INFO-Microsoft value is entered...
20-Mar-24 14:55:23-INFO-Successfully landing into content inteliigence page..
20-Mar-24 14:55:23-INFO-Test_001_Login Started
20-Mar-24 14:55:28-INFO-The name of the home page is Content Intelligence
20-Mar-24 14:55:28-INFO-Content intelligence name is displayed or not ?True
20-Mar-24 17:31:48-INFO-Browser is initiated
20-Mar-24 17:32:04-INFO-Microsoft authenticator step is initiated...
20-Mar-24 17:32:04-INFO-Microsoft value is entered...
20-Mar-24 17:33:12-INFO-Successfully landing into content inteliigence page..
20-Mar-24 17:33:12-INFO-Test_001_Login Started
20-Mar-24 17:33:17-INFO-The name of the home page is Content Intelligence
20-Mar-24 17:33:17-INFO-Content intelligence name is displayed or not ?True
21-Mar-24 09:58:53-INFO-Browser is initiated
21-Mar-24 09:59:13-INFO-Microsoft authenticator step is initiated...
21-Mar-24 09:59:13-INFO-Microsoft value is entered...
21-Mar-24 10:00:20-INFO-Successfully landing into content inteliigence page..
21-Mar-24 10:00:20-INFO-Login page verification
21-Mar-24 10:00:25-INFO-******Verify the title of home page***********
21-Mar-24 10:00:25-INFO-Title of home page is Content Intelligence
21-Mar-24 10:28:03-INFO-Browser is initiated
21-Mar-24 10:28:18-INFO-Microsoft authenticator step is initiated...
21-Mar-24 10:28:18-INFO-Microsoft value is entered...
21-Mar-24 10:29:27-INFO-Successfully landing into content inteliigence page..
21-Mar-24 10:29:27-INFO-Login page verification
21-Mar-24 10:29:32-INFO-******Verify the title of home page***********
21-Mar-24 10:29:32-INFO-Title of home page is Content Intelligence
21-Mar-24 10:33:12-INFO-Browser is initiated
21-Mar-24 10:33:26-INFO-Microsoft authenticator step is initiated...
21-Mar-24 10:33:26-INFO-Microsoft value is entered...
21-Mar-24 10:34:34-INFO-Successfully landing into content inteliigence page..
21-Mar-24 10:34:34-INFO-Login page verification
21-Mar-24 10:34:39-INFO-******Verify the title of home page***********
21-Mar-24 10:34:39-INFO-Title of home page is Content Intelligence
21-Mar-24 10:37:32-INFO-Browser is initiated
21-Mar-24 10:37:47-INFO-Microsoft authenticator step is initiated...
21-Mar-24 10:37:47-INFO-Microsoft value is entered...
21-Mar-24 10:38:55-INFO-Successfully landing into content inteliigence page..
21-Mar-24 10:38:55-INFO-Login page verification
21-Mar-24 10:39:00-INFO-******Verify the title of home page***********
21-Mar-24 10:39:00-INFO-Title of home page is Content Intelligence
21-Mar-24 10:41:48-INFO-Browser is initiated
21-Mar-24 10:42:03-INFO-Microsoft authenticator step is initiated...
21-Mar-24 10:42:03-INFO-Microsoft value is entered...
21-Mar-24 10:43:11-INFO-Successfully landing into content inteliigence page..
21-Mar-24 10:43:11-INFO-Login page verification
21-Mar-24 10:43:16-INFO-******Verify the title of home page***********
21-Mar-24 10:43:16-INFO-Title of home page is Content Intelligence
21-Mar-24 10:45:53-INFO-Browser is initiated
21-Mar-24 10:46:07-INFO-Microsoft authenticator step is initiated...
21-Mar-24 10:46:07-INFO-Microsoft value is entered...
21-Mar-24 10:47:15-INFO-Successfully landing into content inteliigence page..
21-Mar-24 10:47:15-INFO-Login page verification
21-Mar-24 10:47:20-INFO-******Verify the title of home page***********
21-Mar-24 10:47:20-INFO-Title of home page is Content Intelligence
21-Mar-24 10:51:25-INFO-Browser is initiated
21-Mar-24 10:51:39-INFO-Microsoft authenticator step is initiated...
21-Mar-24 10:51:39-INFO-Microsoft value is entered...
21-Mar-24 10:52:48-INFO-Successfully landing into content inteliigence page..
21-Mar-24 10:52:48-INFO-Login page verification
21-Mar-24 10:52:53-INFO-******Verify the title of home page***********
21-Mar-24 10:52:53-INFO-Title of home page is Content Intelligence
21-Mar-24 11:15:10-INFO-Browser is initiated
21-Mar-24 11:15:25-INFO-Microsoft authenticator step is initiated...
21-Mar-24 11:15:25-INFO-Microsoft value is entered...
21-Mar-24 11:16:32-INFO-Successfully landing into content inteliigence page..
21-Mar-24 11:16:32-INFO-Login page verification
21-Mar-24 11:16:37-INFO-******Verify the title of home page***********
21-Mar-24 11:16:37-INFO-Title of home page is Content Intelligence
22-Mar-24 17:02:08-INFO-Browser is initiated
22-Mar-24 17:02:25-INFO-Microsoft authenticator step is initiated...
22-Mar-24 17:02:25-INFO-Microsoft value is entered...
22-Mar-24 17:03:32-INFO-Successfully landing into content inteliigence page..
22-Mar-24 17:03:32-INFO-Test_001_Login Started
22-Mar-24 17:03:37-INFO-The name of the home page is Content Intelligence
22-Mar-24 17:03:38-INFO-Content intelligence name is displayed or not ?True
22-Mar-24 17:48:53-INFO-Browser is initiated
22-Mar-24 17:49:07-INFO-Microsoft authenticator step is initiated...
22-Mar-24 17:49:07-INFO-Microsoft value is entered...
22-Mar-24 17:50:16-INFO-Successfully landing into content inteliigence page..
22-Mar-24 17:50:16-INFO-Test_001_Login Started
22-Mar-24 17:50:21-INFO-The name of the home page is Content Intelligence
22-Mar-24 17:50:21-INFO-Content intelligence name is displayed or not ?True
23-Mar-24 21:46:10-INFO-Browser is initiated
23-Mar-24 21:46:51-INFO-Browser is initiated
24-Mar-24 12:11:38-INFO-Browser is initiated
24-Mar-24 12:11:56-INFO-Microsoft authenticator step is initiated...
24-Mar-24 12:11:57-INFO-Microsoft value is entered...
24-Mar-24 12:13:05-INFO-Successfully landing into content inteliigence page..
24-Mar-24 12:13:05-INFO-Login page verification
24-Mar-24 12:13:11-INFO-******Verify the title of home page***********
24-Mar-24 12:13:11-INFO-Title of home page is Content Intelligence
24-Mar-24 12:17:54-INFO-Browser is initiated
24-Mar-24 12:18:09-INFO-Microsoft authenticator step is initiated...
24-Mar-24 12:18:09-INFO-Microsoft value is entered...
24-Mar-24 12:19:17-INFO-Successfully landing into content inteliigence page..
24-Mar-24 12:19:17-INFO-Login page verification
24-Mar-24 12:19:23-INFO-******Verify the title of home page***********
24-Mar-24 12:19:23-INFO-Title of home page is Content Intelligence
24-Mar-24 20:32:31-INFO-Browser is initiated
24-Mar-24 20:32:48-INFO-Microsoft authenticator step is initiated...
24-Mar-24 20:32:48-INFO-Microsoft value is entered...
24-Mar-24 20:35:22-INFO-Browser is initiated
25-Mar-24 11:44:05-INFO-Browser is initiated
25-Mar-24 11:44:57-INFO-Browser is initiated
25-Mar-24 11:45:12-INFO-Microsoft authenticator step is initiated...
25-Mar-24 11:45:13-INFO-Microsoft value is entered...
25-Mar-24 11:46:21-INFO-Successfully landing into content inteliigence page..
25-Mar-24 11:46:21-INFO-Login page verification
25-Mar-24 11:46:26-INFO-******Verify the title of home page***********
25-Mar-24 11:46:26-INFO-Title of home page is Content Intelligence
25-Mar-24 11:48:22-INFO-Browser is initiated
25-Mar-24 12:04:04-INFO-Browser is initiated
25-Mar-24 12:04:20-INFO-Microsoft authenticator step is initiated...
25-Mar-24 12:04:21-INFO-Microsoft value is entered...
25-Mar-24 12:05:29-INFO-Successfully landing into content inteliigence page..
01-Apr-24 10:21:12-INFO-Browser is initiated
01-Apr-24 10:27:01-INFO-Browser is initiated
01-Apr-24 10:27:19-INFO-Microsoft authenticator step is initiated...
01-Apr-24 10:27:19-INFO-Microsoft value is entered...
01-Apr-24 10:29:03-INFO-Browser is initiated
01-Apr-24 10:29:24-INFO-Microsoft authenticator step is initiated...
01-Apr-24 10:29:24-INFO-Microsoft value is entered...
01-Apr-24 10:30:49-INFO-Successfully landing into content inteliigence page..
01-Apr-24 10:30:49-INFO-Login page verification
01-Apr-24 10:30:54-INFO-******Verify the title of home page***********
01-Apr-24 10:30:54-INFO-Title of home page is Content Intelligence
01-Apr-24 10:43:59-INFO-Browser is initiated
01-Apr-24 10:44:15-INFO-Microsoft authenticator step is initiated...
01-Apr-24 10:44:15-INFO-Microsoft value is entered...
01-Apr-24 10:45:26-INFO-Successfully landing into content inteliigence page..
01-Apr-24 10:45:26-INFO-Login page verification
01-Apr-24 10:45:31-INFO-******Verify the title of home page***********
01-Apr-24 10:45:31-INFO-Title of home page is Content Intelligence
01-Apr-24 14:34:58-INFO-Browser is initiated
01-Apr-24 14:35:14-INFO-Microsoft authenticator step is initiated...
01-Apr-24 14:35:15-INFO-Microsoft value is entered...
01-Apr-24 14:36:23-INFO-Successfully landing into content inteliigence page..
01-Apr-24 14:36:23-INFO-Dashboard Report is downloaded...
01-Apr-24 14:38:49-INFO-Browser is initiated
01-Apr-24 14:39:04-INFO-Microsoft authenticator step is initiated...
01-Apr-24 14:39:04-INFO-Microsoft value is entered...
01-Apr-24 14:40:12-INFO-Successfully landing into content inteliigence page..
01-Apr-24 14:40:12-INFO-Login page verification
01-Apr-24 14:40:17-INFO-******Verify the title of home page***********
01-Apr-24 14:40:17-INFO-Title of home page is Content Intelligence
01-Apr-24 14:41:33-INFO-Browser is initiated
01-Apr-24 14:41:48-INFO-Microsoft authenticator step is initiated...
01-Apr-24 14:41:49-INFO-Microsoft value is entered...
01-Apr-24 14:42:56-INFO-Successfully landing into content inteliigence page..
01-Apr-24 14:42:56-INFO-Login page verification
01-Apr-24 14:43:01-INFO-******Verify the title of home page***********
01-Apr-24 14:43:01-INFO-Title of home page is Content Intelligence
01-Apr-24 14:53:02-INFO-Browser is initiated
01-Apr-24 14:53:16-INFO-Microsoft authenticator step is initiated...
01-Apr-24 14:53:17-INFO-Microsoft value is entered...
01-Apr-24 14:54:24-INFO-Successfully landing into content inteliigence page..
01-Apr-24 14:54:24-INFO-Login page verification
01-Apr-24 14:54:29-INFO-******Verify the title of home page***********
01-Apr-24 14:54:29-INFO-Title of home page is Content Intelligence
01-Apr-24 14:56:54-INFO-Browser is initiated
01-Apr-24 14:57:08-INFO-Microsoft authenticator step is initiated...
01-Apr-24 14:57:09-INFO-Microsoft value is entered...
01-Apr-24 14:58:17-INFO-Successfully landing into content inteliigence page..
01-Apr-24 14:58:17-INFO-Login page verification
01-Apr-24 14:58:22-INFO-******Verify the title of home page***********
01-Apr-24 14:58:22-INFO-Title of home page is Content Intelligence
01-Apr-24 14:59:43-INFO-Browser is initiated
01-Apr-24 14:59:58-INFO-Microsoft authenticator step is initiated...
01-Apr-24 14:59:58-INFO-Microsoft value is entered...
01-Apr-24 15:01:07-INFO-Successfully landing into content inteliigence page..
01-Apr-24 15:01:07-INFO-Login page verification
01-Apr-24 15:01:12-INFO-******Verify the title of home page***********
01-Apr-24 15:01:12-INFO-Title of home page is Content Intelligence
01-Apr-24 15:04:32-INFO-Browser is initiated
01-Apr-24 15:04:48-INFO-Microsoft authenticator step is initiated...
01-Apr-24 15:04:48-INFO-Microsoft value is entered...
01-Apr-24 15:05:57-INFO-Successfully landing into content inteliigence page..
01-Apr-24 15:05:57-INFO-Login page verification
01-Apr-24 15:06:02-INFO-******Verify the title of home page***********
01-Apr-24 15:06:02-INFO-Title of home page is Content Intelligence
01-Apr-24 15:06:08-INFO-Dashboard Report is downloaded...
02-Apr-24 10:22:05-INFO-Browser is initiated
02-Apr-24 10:22:25-INFO-Microsoft authenticator step is initiated...
02-Apr-24 10:22:25-INFO-Microsoft value is entered...
02-Apr-24 10:23:35-INFO-Successfully landing into content inteliigence page..
02-Apr-24 10:23:35-INFO-Login page verification
02-Apr-24 10:23:40-INFO-******Verify the title of home page***********
02-Apr-24 10:23:40-INFO-Title of home page is Content Intelligence
02-Apr-24 10:25:43-INFO-Browser is initiated
02-Apr-24 10:25:59-INFO-Microsoft authenticator step is initiated...
02-Apr-24 10:25:59-INFO-Microsoft value is entered...
02-Apr-24 10:27:09-INFO-Successfully landing into content inteliigence page..
02-Apr-24 10:27:09-INFO-Login page verification
02-Apr-24 10:27:14-INFO-******Verify the title of home page***********
02-Apr-24 10:27:14-INFO-Title of home page is Content Intelligence
02-Apr-24 11:13:45-INFO-Browser is initiated
02-Apr-24 11:14:50-INFO-Browser is initiated
02-Apr-24 11:15:06-INFO-Microsoft authenticator step is initiated...
02-Apr-24 11:15:07-INFO-Microsoft value is entered...
02-Apr-24 11:17:13-INFO-Browser is initiated
02-Apr-24 11:17:29-INFO-Microsoft authenticator step is initiated...
02-Apr-24 11:17:29-INFO-Microsoft value is entered...
02-Apr-24 11:18:23-INFO-Successfully landing into content inteliigence page..
02-Apr-24 11:18:23-INFO-Login page verification
02-Apr-24 11:18:28-INFO-******Verify the title of home page***********
02-Apr-24 11:18:28-INFO-Title of home page is Content Intelligence
02-Apr-24 11:38:24-INFO-Browser is initiated
02-Apr-24 11:38:40-INFO-Microsoft authenticator step is initiated...
02-Apr-24 11:38:40-INFO-Microsoft value is entered...
02-Apr-24 11:39:34-INFO-Successfully landing into content inteliigence page..
02-Apr-24 11:39:34-INFO-Login page verification
02-Apr-24 11:39:39-INFO-******Verify the title of home page***********
02-Apr-24 11:39:39-INFO-Title of home page is Content Intelligence
02-Apr-24 11:46:55-INFO-Browser is initiated
02-Apr-24 11:47:10-INFO-Microsoft authenticator step is initiated...
02-Apr-24 11:47:10-INFO-Microsoft value is entered...
02-Apr-24 11:49:02-INFO-Browser is initiated
02-Apr-24 11:49:17-INFO-Microsoft authenticator step is initiated...
02-Apr-24 11:49:17-INFO-Microsoft value is entered...
02-Apr-24 11:50:15-INFO-Successfully landing into content inteliigence page..
02-Apr-24 11:50:15-INFO-Login page verification
02-Apr-24 11:50:20-INFO-******Verify the title of home page***********
02-Apr-24 11:50:20-INFO-Title of home page is Content Intelligence
02-Apr-24 11:53:41-INFO-Browser is initiated
02-Apr-24 11:53:56-INFO-Microsoft authenticator step is initiated...
02-Apr-24 11:53:57-INFO-Microsoft value is entered...
02-Apr-24 11:54:56-INFO-Successfully landing into content inteliigence page..
02-Apr-24 11:54:56-INFO-Login page verification
02-Apr-24 11:55:01-INFO-******Verify the title of home page***********
02-Apr-24 11:55:01-INFO-Title of home page is Content Intelligence
02-Apr-24 13:47:32-INFO-Browser is initiated
02-Apr-24 13:47:48-INFO-Microsoft authenticator step is initiated...
02-Apr-24 13:47:48-INFO-Microsoft value is entered...
02-Apr-24 13:49:04-INFO-Browser is initiated
02-Apr-24 13:49:18-INFO-Microsoft authenticator step is initiated...
02-Apr-24 13:49:19-INFO-Microsoft value is entered...
02-Apr-24 13:50:18-INFO-Successfully landing into content inteliigence page..
02-Apr-24 13:50:18-INFO-Login page verification
02-Apr-24 13:50:23-INFO-******Verify the title of home page***********
02-Apr-24 13:50:23-INFO-Title of home page is Content Intelligence
02-Apr-24 13:52:29-INFO-Browser is initiated
02-Apr-24 13:52:43-INFO-Microsoft authenticator step is initiated...
02-Apr-24 13:52:44-INFO-Microsoft value is entered...
02-Apr-24 13:53:42-INFO-Successfully landing into content inteliigence page..
02-Apr-24 13:53:42-INFO-Login page verification
02-Apr-24 13:53:47-INFO-******Verify the title of home page***********
02-Apr-24 13:53:47-INFO-Title of home page is Content Intelligence
02-Apr-24 13:56:43-INFO-Browser is initiated
02-Apr-24 13:56:57-INFO-Microsoft authenticator step is initiated...
02-Apr-24 13:56:58-INFO-Microsoft value is entered...
02-Apr-24 13:57:55-INFO-Successfully landing into content inteliigence page..
02-Apr-24 13:57:55-INFO-Login page verification
02-Apr-24 13:58:00-INFO-******Verify the title of home page***********
02-Apr-24 13:58:00-INFO-Title of home page is Content Intelligence
02-Apr-24 13:59:12-INFO-Browser is initiated
02-Apr-24 13:59:28-INFO-Microsoft authenticator step is initiated...
02-Apr-24 13:59:28-INFO-Microsoft value is entered...
02-Apr-24 14:00:27-INFO-Successfully landing into content inteliigence page..
02-Apr-24 14:00:27-INFO-Login page verification
02-Apr-24 14:00:32-INFO-******Verify the title of home page***********
02-Apr-24 14:00:32-INFO-Title of home page is Content Intelligence
02-Apr-24 14:00:57-INFO-Browser is initiated
02-Apr-24 14:01:12-INFO-Microsoft authenticator step is initiated...
02-Apr-24 14:01:12-INFO-Microsoft value is entered...
02-Apr-24 14:02:10-INFO-Successfully landing into content inteliigence page..
02-Apr-24 14:02:10-INFO-Login page verification
02-Apr-24 14:02:15-INFO-******Verify the title of home page***********
02-Apr-24 14:02:15-INFO-Title of home page is Content Intelligence
02-Apr-24 14:02:21-INFO-value of All count is10
02-Apr-24 17:49:07-INFO-Browser is initiated
02-Apr-24 17:49:23-INFO-Microsoft authenticator step is initiated...
02-Apr-24 17:49:23-INFO-Microsoft value is entered...
02-Apr-24 17:50:21-INFO-Successfully landing into content inteliigence page..
02-Apr-24 17:50:21-INFO-Login page verification
02-Apr-24 17:50:26-INFO-******Verify the title of home page***********
02-Apr-24 17:50:26-INFO-Title of home page is Content Intelligence
02-Apr-24 18:04:52-INFO-Browser is initiated
02-Apr-24 18:05:07-INFO-Microsoft authenticator step is initiated...
02-Apr-24 18:05:07-INFO-Microsoft value is entered...
02-Apr-24 18:06:06-INFO-Successfully landing into content inteliigence page..
02-Apr-24 18:06:06-INFO-Login page verification
02-Apr-24 18:06:11-INFO-******Verify the title of home page***********
02-Apr-24 18:06:11-INFO-Title of home page is Content Intelligence
02-Apr-24 18:08:32-INFO-Browser is initiated
02-Apr-24 18:08:47-INFO-Microsoft authenticator step is initiated...
02-Apr-24 18:08:47-INFO-Microsoft value is entered...
02-Apr-24 18:09:46-INFO-Successfully landing into content inteliigence page..
02-Apr-24 18:09:46-INFO-Login page verification
02-Apr-24 18:09:51-INFO-******Verify the title of home page***********
02-Apr-24 18:09:51-INFO-Title of home page is Content Intelligence
02-Apr-24 18:17:46-INFO-Browser is initiated
02-Apr-24 18:18:01-INFO-Microsoft authenticator step is initiated...
02-Apr-24 18:18:01-INFO-Microsoft value is entered...
02-Apr-24 18:19:00-INFO-Successfully landing into content inteliigence page..
02-Apr-24 18:19:00-INFO-Login page verification
02-Apr-24 18:19:05-INFO-******Verify the title of home page***********
02-Apr-24 18:19:05-INFO-Title of home page is Content Intelligence
02-Apr-24 18:19:49-INFO-Browser is initiated
02-Apr-24 18:20:04-INFO-Microsoft authenticator step is initiated...
02-Apr-24 18:20:04-INFO-Microsoft value is entered...
02-Apr-24 18:21:03-INFO-Successfully landing into content inteliigence page..
02-Apr-24 18:21:03-INFO-Login page verification
02-Apr-24 18:21:08-INFO-******Verify the title of home page***********
02-Apr-24 18:21:08-INFO-Title of home page is Content Intelligence
02-Apr-24 20:26:53-INFO-Browser is initiated
02-Apr-24 20:27:10-INFO-Microsoft authenticator step is initiated...
02-Apr-24 20:27:11-INFO-Microsoft value is entered...
02-Apr-24 20:28:08-INFO-Successfully landing into content inteliigence page..
02-Apr-24 20:28:08-INFO-Login page verification
02-Apr-24 20:28:14-INFO-******Verify the title of home page***********
02-Apr-24 20:28:14-INFO-Title of home page is Content Intelligence
02-Apr-24 20:31:16-INFO-Browser is initiated
02-Apr-24 20:31:31-INFO-Microsoft authenticator step is initiated...
02-Apr-24 20:31:31-INFO-Microsoft value is entered...
02-Apr-24 20:32:29-INFO-Successfully landing into content inteliigence page..
02-Apr-24 20:32:29-INFO-Login page verification
02-Apr-24 20:32:34-INFO-******Verify the title of home page***********
02-Apr-24 20:32:34-INFO-Title of home page is Content Intelligence
02-Apr-24 20:36:19-INFO-Browser is initiated
02-Apr-24 20:36:34-INFO-Microsoft authenticator step is initiated...
02-Apr-24 20:36:34-INFO-Microsoft value is entered...
02-Apr-24 20:37:32-INFO-Successfully landing into content inteliigence page..
02-Apr-24 20:37:32-INFO-Login page verification
02-Apr-24 20:37:38-INFO-******Verify the title of home page***********
02-Apr-24 20:37:38-INFO-Title of home page is Content Intelligence
02-Apr-24 20:39:03-INFO-Browser is initiated
02-Apr-24 20:39:17-INFO-Microsoft authenticator step is initiated...
02-Apr-24 20:39:17-INFO-Microsoft value is entered...
02-Apr-24 20:40:15-INFO-Successfully landing into content inteliigence page..
02-Apr-24 20:40:15-INFO-Login page verification
02-Apr-24 20:40:20-INFO-******Verify the title of home page***********
02-Apr-24 20:40:20-INFO-Title of home page is Content Intelligence
02-Apr-24 20:48:59-INFO-Browser is initiated
02-Apr-24 20:49:14-INFO-Microsoft authenticator step is initiated...
02-Apr-24 20:49:14-INFO-Microsoft value is entered...
02-Apr-24 20:50:11-INFO-Successfully landing into content inteliigence page..
02-Apr-24 20:50:11-INFO-Login page verification
02-Apr-24 20:50:16-INFO-******Verify the title of home page***********
02-Apr-24 20:50:16-INFO-Title of home page is Content Intelligence
02-Apr-24 20:55:08-INFO-Browser is initiated
02-Apr-24 20:55:23-INFO-Microsoft authenticator step is initiated...
02-Apr-24 20:55:23-INFO-Microsoft value is entered...
02-Apr-24 20:56:21-INFO-Successfully landing into content inteliigence page..
02-Apr-24 20:56:21-INFO-Login page verification
02-Apr-24 20:56:26-INFO-******Verify the title of home page***********
02-Apr-24 20:56:26-INFO-Title of home page is Content Intelligence
02-Apr-24 21:02:50-INFO-Browser is initiated
02-Apr-24 21:03:05-INFO-Microsoft authenticator step is initiated...
02-Apr-24 21:03:05-INFO-Microsoft value is entered...
02-Apr-24 21:04:04-INFO-Successfully landing into content inteliigence page..
02-Apr-24 21:04:04-INFO-Login page verification
02-Apr-24 21:04:09-INFO-******Verify the title of home page***********
02-Apr-24 21:04:09-INFO-Title of home page is Content Intelligence
03-Apr-24 14:01:42-INFO-Browser is initiated
03-Apr-24 14:02:00-INFO-Microsoft authenticator step is initiated...
03-Apr-24 14:02:00-INFO-Microsoft value is entered...
03-Apr-24 14:03:05-INFO-Successfully landing into content inteliigence page..
03-Apr-24 14:03:05-INFO-Login page verification
03-Apr-24 14:03:11-INFO-******Verify the title of home page***********
03-Apr-24 14:03:11-INFO-Title of home page is Content Intelligence
03-Apr-24 14:12:34-INFO-Browser is initiated
03-Apr-24 14:12:49-INFO-Microsoft authenticator step is initiated...
03-Apr-24 14:12:49-INFO-Microsoft value is entered...
03-Apr-24 14:13:47-INFO-Successfully landing into content inteliigence page..
03-Apr-24 14:13:47-INFO-Login page verification
03-Apr-24 14:13:52-INFO-******Verify the title of home page***********
03-Apr-24 14:13:52-INFO-Title of home page is Content Intelligence
03-Apr-24 14:19:56-INFO-Browser is initiated
03-Apr-24 14:20:11-INFO-Microsoft authenticator step is initiated...
03-Apr-24 14:20:11-INFO-Microsoft value is entered...
03-Apr-24 14:21:09-INFO-Successfully landing into content inteliigence page..
03-Apr-24 14:21:09-INFO-Login page verification
03-Apr-24 14:21:14-INFO-******Verify the title of home page***********
03-Apr-24 14:21:14-INFO-Title of home page is Content Intelligence
03-Apr-24 14:40:27-INFO-Browser is initiated
03-Apr-24 14:40:45-INFO-Microsoft authenticator step is initiated...
03-Apr-24 14:40:45-INFO-Microsoft value is entered...
03-Apr-24 14:41:42-INFO-Successfully landing into content inteliigence page..
03-Apr-24 14:41:42-INFO-Login page verification
03-Apr-24 14:41:48-INFO-******Verify the title of home page***********
03-Apr-24 14:41:48-INFO-Title of home page is Content Intelligence
03-Apr-24 14:48:37-INFO-Browser is initiated
03-Apr-24 14:48:52-INFO-Microsoft authenticator step is initiated...
03-Apr-24 14:48:53-INFO-Microsoft value is entered...
03-Apr-24 14:49:51-INFO-Successfully landing into content inteliigence page..
03-Apr-24 14:49:51-INFO-Login page verification
03-Apr-24 14:49:56-INFO-******Verify the title of home page***********
03-Apr-24 14:49:56-INFO-Title of home page is Content Intelligence
03-Apr-24 14:57:21-INFO-Browser is initiated
03-Apr-24 15:05:00-INFO-Browser is initiated
03-Apr-24 15:05:18-INFO-Microsoft authenticator step is initiated...
03-Apr-24 15:05:18-INFO-Microsoft value is entered...
03-Apr-24 15:06:16-INFO-Successfully landing into content inteliigence page..
03-Apr-24 15:06:16-INFO-Login page verification
03-Apr-24 15:06:22-INFO-******Verify the title of home page***********
03-Apr-24 15:06:22-INFO-Title of home page is Content Intelligence
03-Apr-24 15:27:27-INFO-Browser is initiated
03-Apr-24 15:27:42-INFO-Microsoft authenticator step is initiated...
03-Apr-24 15:27:43-INFO-Microsoft value is entered...
03-Apr-24 15:28:41-INFO-Successfully landing into content inteliigence page..
03-Apr-24 15:28:41-INFO-Login page verification
03-Apr-24 15:28:46-INFO-******Verify the title of home page***********
03-Apr-24 15:28:46-INFO-Title of home page is Content Intelligence
03-Apr-24 19:47:58-INFO-Browser is initiated
03-Apr-24 19:48:12-INFO-Microsoft authenticator step is initiated...
03-Apr-24 19:48:12-INFO-Microsoft value is entered...
03-Apr-24 19:49:11-INFO-Successfully landing into content inteliigence page..
03-Apr-24 19:49:11-INFO-Login page verification
03-Apr-24 19:49:17-INFO-******Verify the title of home page***********
03-Apr-24 19:49:17-INFO-Title of home page is Content Intelligence
04-Apr-24 09:15:34-INFO-Browser is initiated
04-Apr-24 09:15:52-INFO-Microsoft authenticator step is initiated...
04-Apr-24 09:15:52-INFO-Microsoft value is entered...
04-Apr-24 09:16:50-INFO-Successfully landing into content inteliigence page..
04-Apr-24 09:16:50-INFO-Login page verification
04-Apr-24 09:16:55-INFO-******Verify the title of home page***********
04-Apr-24 09:16:55-INFO-Title of home page is Content Intelligence
04-Apr-24 09:33:09-INFO-Browser is initiated
04-Apr-24 09:33:24-INFO-Microsoft authenticator step is initiated...
04-Apr-24 09:33:24-INFO-Microsoft value is entered...
04-Apr-24 09:34:21-INFO-Successfully landing into content inteliigence page..
04-Apr-24 09:34:21-INFO-Login page verification
04-Apr-24 09:34:26-INFO-******Verify the title of home page***********
04-Apr-24 09:34:26-INFO-Title of home page is Content Intelligence
04-Apr-24 09:37:23-INFO-Browser is initiated
04-Apr-24 09:37:37-INFO-Microsoft authenticator step is initiated...
04-Apr-24 09:37:38-INFO-Microsoft value is entered...
04-Apr-24 09:38:35-INFO-Successfully landing into content inteliigence page..
04-Apr-24 09:38:35-INFO-Login page verification
04-Apr-24 09:38:40-INFO-******Verify the title of home page***********
04-Apr-24 09:38:40-INFO-Title of home page is Content Intelligence
04-Apr-24 09:42:09-INFO-Browser is initiated
04-Apr-24 09:42:23-INFO-Microsoft authenticator step is initiated...
04-Apr-24 09:42:23-INFO-Microsoft value is entered...
04-Apr-24 09:43:23-INFO-Successfully landing into content inteliigence page..
04-Apr-24 09:43:23-INFO-Login page verification
04-Apr-24 09:43:28-INFO-******Verify the title of home page***********
04-Apr-24 09:43:28-INFO-Title of home page is Content Intelligence
04-Apr-24 09:45:39-INFO-Browser is initiated
04-Apr-24 09:45:54-INFO-Microsoft authenticator step is initiated...
04-Apr-24 09:45:54-INFO-Microsoft value is entered...
04-Apr-24 09:46:52-INFO-Successfully landing into content inteliigence page..
04-Apr-24 09:46:52-INFO-Login page verification
04-Apr-24 09:46:58-INFO-******Verify the title of home page***********
04-Apr-24 09:46:58-INFO-Title of home page is Content Intelligence
04-Apr-24 09:49:00-INFO-Browser is initiated
04-Apr-24 09:49:15-INFO-Microsoft authenticator step is initiated...
04-Apr-24 09:49:15-INFO-Microsoft value is entered...
04-Apr-24 09:50:12-INFO-Successfully landing into content inteliigence page..
04-Apr-24 09:50:12-INFO-Login page verification
04-Apr-24 09:50:18-INFO-******Verify the title of home page***********
04-Apr-24 09:50:18-INFO-Title of home page is Content Intelligence
04-Apr-24 09:51:36-INFO-Browser is initiated
04-Apr-24 09:51:50-INFO-Microsoft authenticator step is initiated...
04-Apr-24 09:51:50-INFO-Microsoft value is entered...
04-Apr-24 09:52:48-INFO-Successfully landing into content inteliigence page..
04-Apr-24 09:52:48-INFO-Login page verification
04-Apr-24 09:52:53-INFO-******Verify the title of home page***********
04-Apr-24 09:52:53-INFO-Title of home page is Content Intelligence
04-Apr-24 09:54:29-INFO-Browser is initiated
04-Apr-24 09:54:44-INFO-Microsoft authenticator step is initiated...
04-Apr-24 09:54:44-INFO-Microsoft value is entered...
04-Apr-24 09:55:43-INFO-Successfully landing into content inteliigence page..
04-Apr-24 09:55:43-INFO-Login page verification
04-Apr-24 09:55:48-INFO-******Verify the title of home page***********
04-Apr-24 09:55:48-INFO-Title of home page is Content Intelligence
04-Apr-24 09:58:10-INFO-Browser is initiated
04-Apr-24 09:58:24-INFO-Microsoft authenticator step is initiated...
04-Apr-24 09:58:24-INFO-Microsoft value is entered...
04-Apr-24 09:59:21-INFO-Successfully landing into content inteliigence page..
04-Apr-24 09:59:21-INFO-Login page verification
04-Apr-24 09:59:27-INFO-******Verify the title of home page***********
04-Apr-24 09:59:27-INFO-Title of home page is Content Intelligence
04-Apr-24 10:01:44-INFO-Browser is initiated
04-Apr-24 10:01:59-INFO-Microsoft authenticator step is initiated...
04-Apr-24 10:01:59-INFO-Microsoft value is entered...
04-Apr-24 10:02:56-INFO-Successfully landing into content inteliigence page..
04-Apr-24 10:02:56-INFO-Login page verification
04-Apr-24 10:03:01-INFO-******Verify the title of home page***********
04-Apr-24 10:03:01-INFO-Title of home page is Content Intelligence
04-Apr-24 10:06:39-INFO-Browser is initiated
04-Apr-24 10:06:53-INFO-Microsoft authenticator step is initiated...
04-Apr-24 10:06:53-INFO-Microsoft value is entered...
04-Apr-24 10:07:53-INFO-Successfully landing into content inteliigence page..
04-Apr-24 10:07:53-INFO-Login page verification
04-Apr-24 10:07:58-INFO-******Verify the title of home page***********
04-Apr-24 10:07:58-INFO-Title of home page is Content Intelligence
04-Apr-24 10:22:11-INFO-Browser is initiated
04-Apr-24 10:22:26-INFO-Microsoft authenticator step is initiated...
04-Apr-24 10:22:26-INFO-Microsoft value is entered...
04-Apr-24 10:23:24-INFO-Successfully landing into content inteliigence page..
04-Apr-24 10:23:24-INFO-Login page verification
04-Apr-24 10:23:29-INFO-******Verify the title of home page***********
04-Apr-24 10:23:29-INFO-Title of home page is Content Intelligence
04-Apr-24 10:28:11-INFO-Browser is initiated
04-Apr-24 10:29:15-INFO-Browser is initiated
04-Apr-24 10:29:29-INFO-Microsoft authenticator step is initiated...
04-Apr-24 10:29:29-INFO-Microsoft value is entered...
04-Apr-24 10:30:27-INFO-Successfully landing into content inteliigence page..
04-Apr-24 10:30:27-INFO-Login page verification
04-Apr-24 10:30:32-INFO-******Verify the title of home page***********
04-Apr-24 10:30:32-INFO-Title of home page is Content Intelligence
04-Apr-24 11:21:55-INFO-Browser is initiated
04-Apr-24 11:22:10-INFO-Microsoft authenticator step is initiated...
04-Apr-24 12:35:56-INFO-Browser is initiated
04-Apr-24 12:36:10-INFO-Microsoft authenticator step is initiated...
04-Apr-24 12:36:11-INFO-Microsoft value is entered...
04-Apr-24 12:37:08-INFO-Successfully landing into content inteliigence page..
04-Apr-24 12:37:08-INFO-Login page verification
04-Apr-24 12:37:13-INFO-******Verify the title of home page***********
04-Apr-24 12:37:13-INFO-Title of home page is Content Intelligence
04-Apr-24 12:39:23-INFO-Browser is initiated
04-Apr-24 12:39:38-INFO-Microsoft authenticator step is initiated...
04-Apr-24 12:39:38-INFO-Microsoft value is entered...
04-Apr-24 12:40:35-INFO-Successfully landing into content inteliigence page..
04-Apr-24 12:40:35-INFO-Login page verification
04-Apr-24 12:40:40-INFO-******Verify the title of home page***********
04-Apr-24 12:40:40-INFO-Title of home page is Content Intelligence
04-Apr-24 15:42:47-INFO-Browser is initiated
04-Apr-24 15:43:02-INFO-Microsoft authenticator step is initiated...
04-Apr-24 15:43:02-INFO-Microsoft value is entered...
04-Apr-24 15:44:00-INFO-Successfully landing into content inteliigence page..
04-Apr-24 15:44:00-INFO-Login page verification
04-Apr-24 15:44:05-INFO-******Verify the title of home page***********
04-Apr-24 15:44:05-INFO-Title of home page is Content Intelligence
04-Apr-24 15:44:11-INFO-value of All count is10
04-Apr-24 15:46:26-INFO-Browser is initiated
04-Apr-24 15:46:40-INFO-Microsoft authenticator step is initiated...
04-Apr-24 15:46:41-INFO-Microsoft value is entered...
04-Apr-24 15:47:38-INFO-Successfully landing into content inteliigence page..
04-Apr-24 15:47:38-INFO-Login page verification
04-Apr-24 15:47:43-INFO-******Verify the title of home page***********
04-Apr-24 15:47:43-INFO-Title of home page is Content Intelligence
04-Apr-24 15:54:52-INFO-Browser is initiated
04-Apr-24 15:55:07-INFO-Microsoft authenticator step is initiated...
04-Apr-24 15:55:07-INFO-Microsoft value is entered...
04-Apr-24 15:56:05-INFO-Successfully landing into content inteliigence page..
04-Apr-24 15:56:05-INFO-Login page verification
04-Apr-24 15:56:10-INFO-******Verify the title of home page***********
04-Apr-24 15:56:10-INFO-Title of home page is Content Intelligence
04-Apr-24 15:56:50-INFO-Browser is initiated
04-Apr-24 15:57:05-INFO-Microsoft authenticator step is initiated...
04-Apr-24 15:57:05-INFO-Microsoft value is entered...
04-Apr-24 15:58:03-INFO-Successfully landing into content inteliigence page..
04-Apr-24 15:58:03-INFO-Login page verification
04-Apr-24 15:58:09-INFO-******Verify the title of home page***********
04-Apr-24 15:58:09-INFO-Title of home page is Content Intelligence
04-Apr-24 16:00:45-INFO-Browser is initiated
04-Apr-24 16:01:00-INFO-Microsoft authenticator step is initiated...
04-Apr-24 16:01:00-INFO-Microsoft value is entered...
04-Apr-24 16:01:57-INFO-Successfully landing into content inteliigence page..
04-Apr-24 16:01:57-INFO-Login page verification
04-Apr-24 16:02:02-INFO-******Verify the title of home page***********
04-Apr-24 16:02:02-INFO-Title of home page is Content Intelligence
04-Apr-24 16:05:29-INFO-Browser is initiated
04-Apr-24 16:05:44-INFO-Microsoft authenticator step is initiated...
04-Apr-24 16:05:44-INFO-Microsoft value is entered...
04-Apr-24 16:06:42-INFO-Successfully landing into content inteliigence page..
04-Apr-24 16:06:42-INFO-Login page verification
04-Apr-24 16:06:47-INFO-******Verify the title of home page***********
04-Apr-24 16:06:47-INFO-Title of home page is Content Intelligence
04-Apr-24 16:11:58-INFO-Browser is initiated
04-Apr-24 16:12:13-INFO-Microsoft authenticator step is initiated...
04-Apr-24 16:12:13-INFO-Microsoft value is entered...
04-Apr-24 16:13:10-INFO-Successfully landing into content inteliigence page..
04-Apr-24 16:13:10-INFO-Login page verification
04-Apr-24 16:13:16-INFO-******Verify the title of home page***********
04-Apr-24 16:13:16-INFO-Title of home page is Content Intelligence
04-Apr-24 16:19:39-INFO-Browser is initiated
04-Apr-24 16:19:53-INFO-Microsoft authenticator step is initiated...
04-Apr-24 16:19:54-INFO-Microsoft value is entered...
04-Apr-24 16:20:52-INFO-Successfully landing into content inteliigence page..
04-Apr-24 16:20:52-INFO-Login page verification
04-Apr-24 16:20:57-INFO-******Verify the title of home page***********
04-Apr-24 16:20:57-INFO-Title of home page is Content Intelligence
04-Apr-24 16:23:12-INFO-Browser is initiated
04-Apr-24 16:23:27-INFO-Microsoft authenticator step is initiated...
04-Apr-24 16:23:27-INFO-Microsoft value is entered...
04-Apr-24 16:24:24-INFO-Browser is initiated
04-Apr-24 16:24:39-INFO-Microsoft authenticator step is initiated...
04-Apr-24 16:24:39-INFO-Microsoft value is entered...
04-Apr-24 16:25:37-INFO-Successfully landing into content inteliigence page..
04-Apr-24 16:25:37-INFO-Login page verification
04-Apr-24 16:25:42-INFO-******Verify the title of home page***********
04-Apr-24 16:25:42-INFO-Title of home page is Content Intelligence
04-Apr-24 16:39:16-INFO-Browser is initiated
04-Apr-24 16:39:31-INFO-Microsoft authenticator step is initiated...
04-Apr-24 16:39:31-INFO-Microsoft value is entered...
04-Apr-24 16:40:30-INFO-Successfully landing into content inteliigence page..
04-Apr-24 16:40:30-INFO-Login page verification
04-Apr-24 16:40:35-INFO-******Verify the title of home page***********
04-Apr-24 16:40:35-INFO-Title of home page is Content Intelligence
04-Apr-24 17:01:37-INFO-Browser is initiated
04-Apr-24 17:01:52-INFO-Microsoft authenticator step is initiated...
04-Apr-24 17:01:53-INFO-Microsoft value is entered...
04-Apr-24 17:02:50-INFO-Successfully landing into content inteliigence page..
04-Apr-24 17:02:50-INFO-Login page verification
04-Apr-24 17:02:55-INFO-******Verify the title of home page***********
04-Apr-24 17:02:55-INFO-Title of home page is Content Intelligence
04-Apr-24 17:04:03-INFO-Browser is initiated
04-Apr-24 17:04:18-INFO-Microsoft authenticator step is initiated...
04-Apr-24 17:04:18-INFO-Microsoft value is entered...
04-Apr-24 17:05:16-INFO-Successfully landing into content inteliigence page..
04-Apr-24 17:05:16-INFO-Login page verification
04-Apr-24 17:05:21-INFO-******Verify the title of home page***********
04-Apr-24 17:05:21-INFO-Title of home page is Content Intelligence
04-Apr-24 17:27:51-INFO-Browser is initiated
04-Apr-24 17:28:09-INFO-Microsoft authenticator step is initiated...
04-Apr-24 17:28:09-INFO-Microsoft value is entered...
04-Apr-24 17:29:07-INFO-Successfully landing into content inteliigence page..
04-Apr-24 17:29:07-INFO-Login page verification
04-Apr-24 17:29:13-INFO-******Verify the title of home page***********
04-Apr-24 17:29:13-INFO-Title of home page is Content Intelligence
04-Apr-24 17:31:05-INFO-Browser is initiated
04-Apr-24 17:31:20-INFO-Microsoft authenticator step is initiated...
04-Apr-24 17:31:20-INFO-Microsoft value is entered...
04-Apr-24 17:32:18-INFO-Successfully landing into content inteliigence page..
04-Apr-24 17:32:18-INFO-Login page verification
04-Apr-24 17:32:23-INFO-******Verify the title of home page***********
04-Apr-24 17:32:23-INFO-Title of home page is Content Intelligence
04-Apr-24 17:34:08-INFO-Browser is initiated
04-Apr-24 17:34:23-INFO-Microsoft authenticator step is initiated...
04-Apr-24 17:34:23-INFO-Microsoft value is entered...
04-Apr-24 17:35:21-INFO-Successfully landing into content inteliigence page..
04-Apr-24 17:35:21-INFO-Login page verification
04-Apr-24 17:35:26-INFO-******Verify the title of home page***********
04-Apr-24 17:35:26-INFO-Title of home page is Content Intelligence
04-Apr-24 17:38:14-INFO-Browser is initiated
04-Apr-24 17:38:29-INFO-Microsoft authenticator step is initiated...
04-Apr-24 17:38:29-INFO-Microsoft value is entered...
04-Apr-24 17:39:27-INFO-Successfully landing into content inteliigence page..
04-Apr-24 17:39:27-INFO-Login page verification
04-Apr-24 17:39:32-INFO-******Verify the title of home page***********
04-Apr-24 17:39:32-INFO-Title of home page is Content Intelligence
04-Apr-24 17:41:04-INFO-Browser is initiated
04-Apr-24 17:41:19-INFO-Microsoft authenticator step is initiated...
04-Apr-24 17:41:19-INFO-Microsoft value is entered...
04-Apr-24 17:42:16-INFO-Successfully landing into content inteliigence page..
04-Apr-24 17:42:16-INFO-Login page verification
04-Apr-24 17:42:22-INFO-******Verify the title of home page***********
04-Apr-24 17:42:22-INFO-Title of home page is Content Intelligence
04-Apr-24 17:46:16-INFO-Browser is initiated
04-Apr-24 17:46:31-INFO-Microsoft authenticator step is initiated...
04-Apr-24 17:46:31-INFO-Microsoft value is entered...
04-Apr-24 17:47:28-INFO-Successfully landing into content inteliigence page..
04-Apr-24 17:47:28-INFO-Login page verification
04-Apr-24 17:47:33-INFO-******Verify the title of home page***********
04-Apr-24 17:47:33-INFO-Title of home page is Content Intelligence
04-Apr-24 17:50:37-INFO-Browser is initiated
04-Apr-24 17:50:51-INFO-Microsoft authenticator step is initiated...
04-Apr-24 17:50:52-INFO-Microsoft value is entered...
04-Apr-24 17:51:49-INFO-Successfully landing into content inteliigence page..
04-Apr-24 17:51:49-INFO-Login page verification
04-Apr-24 17:51:54-INFO-******Verify the title of home page***********
04-Apr-24 17:51:54-INFO-Title of home page is Content Intelligence
05-Apr-24 09:47:51-INFO-Browser is initiated
05-Apr-24 09:48:13-INFO-Microsoft authenticator step is initiated...
05-Apr-24 09:48:13-INFO-Microsoft value is entered...
05-Apr-24 09:49:10-INFO-Successfully landing into content inteliigence page..
05-Apr-24 09:49:10-INFO-Login page verification
05-Apr-24 09:49:16-INFO-******Verify the title of home page***********
05-Apr-24 09:49:16-INFO-Title of home page is Content Intelligence
05-Apr-24 10:36:37-INFO-Browser is initiated
05-Apr-24 10:36:52-INFO-Microsoft authenticator step is initiated...
05-Apr-24 10:36:52-INFO-Microsoft value is entered...
05-Apr-24 10:38:34-INFO-Browser is initiated
05-Apr-24 10:38:49-INFO-Microsoft authenticator step is initiated...
05-Apr-24 10:38:49-INFO-Microsoft value is entered...
05-Apr-24 10:39:50-INFO-Successfully landing into content inteliigence page..
05-Apr-24 10:39:50-INFO-Login page verification
05-Apr-24 10:39:55-INFO-******Verify the title of home page***********
05-Apr-24 10:39:55-INFO-Title of home page is Content Intelligence
05-Apr-24 10:44:46-INFO-Browser is initiated
05-Apr-24 10:45:01-INFO-Microsoft authenticator step is initiated...
05-Apr-24 10:45:01-INFO-Microsoft value is entered...
05-Apr-24 10:45:59-INFO-Successfully landing into content inteliigence page..
05-Apr-24 10:45:59-INFO-Login page verification
05-Apr-24 10:46:04-INFO-******Verify the title of home page***********
05-Apr-24 10:46:04-INFO-Title of home page is Content Intelligence
05-Apr-24 10:50:34-INFO-Browser is initiated
05-Apr-24 10:50:50-INFO-Microsoft authenticator step is initiated...
05-Apr-24 10:50:50-INFO-Microsoft value is entered...
05-Apr-24 10:51:48-INFO-Successfully landing into content inteliigence page..
05-Apr-24 10:51:48-INFO-Login page verification
05-Apr-24 10:51:53-INFO-******Verify the title of home page***********
05-Apr-24 10:51:53-INFO-Title of home page is Content Intelligence
05-Apr-24 10:53:31-INFO-Browser is initiated
05-Apr-24 10:53:47-INFO-Microsoft authenticator step is initiated...
05-Apr-24 10:53:58-INFO-Browser is initiated
05-Apr-24 10:54:13-INFO-Microsoft authenticator step is initiated...
05-Apr-24 10:54:14-INFO-Microsoft value is entered...
05-Apr-24 10:55:11-INFO-Successfully landing into content inteliigence page..
05-Apr-24 10:55:11-INFO-Login page verification
05-Apr-24 10:55:17-INFO-******Verify the title of home page***********
05-Apr-24 10:55:17-INFO-Title of home page is Content Intelligence
05-Apr-24 10:56:02-INFO-Browser is initiated
05-Apr-24 10:56:18-INFO-Microsoft authenticator step is initiated...
05-Apr-24 10:56:18-INFO-Microsoft value is entered...
05-Apr-24 10:57:16-INFO-Successfully landing into content inteliigence page..
05-Apr-24 10:57:16-INFO-Login page verification
05-Apr-24 10:57:22-INFO-******Verify the title of home page***********
05-Apr-24 10:57:22-INFO-Title of home page is Content Intelligence
08-Apr-24 12:07:01-INFO-Browser is initiated
08-Apr-24 12:07:20-INFO-Microsoft authenticator step is initiated...
08-Apr-24 12:07:20-INFO-Microsoft value is entered...
08-Apr-24 12:08:17-INFO-Successfully landing into content inteliigence page..
08-Apr-24 12:08:17-INFO-Login page verification
08-Apr-24 12:08:23-INFO-******Verify the title of home page***********
08-Apr-24 12:08:23-INFO-Title of home page is Content Intelligence
08-Apr-24 12:14:31-INFO-Browser is initiated
08-Apr-24 12:14:47-INFO-Microsoft authenticator step is initiated...
08-Apr-24 12:14:47-INFO-Microsoft value is entered...
08-Apr-24 12:15:43-INFO-Browser is initiated
08-Apr-24 12:15:58-INFO-Microsoft authenticator step is initiated...
08-Apr-24 12:15:58-INFO-Microsoft value is entered...
08-Apr-24 12:16:57-INFO-Successfully landing into content inteliigence page..
08-Apr-24 12:16:57-INFO-Login page verification
08-Apr-24 12:17:02-INFO-******Verify the title of home page***********
08-Apr-24 12:17:02-INFO-Title of home page is Content Intelligence
08-Apr-24 14:14:49-INFO-Browser is initiated
08-Apr-24 14:15:11-INFO-Microsoft authenticator step is initiated...
08-Apr-24 14:15:11-INFO-Microsoft value is entered...
08-Apr-24 14:16:40-INFO-Browser is initiated
08-Apr-24 14:16:55-INFO-Microsoft authenticator step is initiated...
08-Apr-24 14:16:55-INFO-Microsoft value is entered...
08-Apr-24 14:22:51-INFO-Browser is initiated
08-Apr-24 14:23:07-INFO-Microsoft authenticator step is initiated...
08-Apr-24 14:23:07-INFO-Microsoft value is entered...
08-Apr-24 14:24:06-INFO-Successfully landing into content inteliigence page..
08-Apr-24 14:24:06-INFO-Login page verification
08-Apr-24 14:24:11-INFO-******Verify the title of home page***********
08-Apr-24 14:24:11-INFO-Title of home page is Content Intelligence
08-Apr-24 14:30:00-INFO-Browser is initiated
08-Apr-24 14:30:16-INFO-Microsoft authenticator step is initiated...
08-Apr-24 14:30:16-INFO-Microsoft value is entered...
08-Apr-24 14:31:13-INFO-Successfully landing into content inteliigence page..
08-Apr-24 14:31:13-INFO-Login page verification
08-Apr-24 14:31:19-INFO-******Verify the title of home page***********
08-Apr-24 14:31:19-INFO-Title of home page is Content Intelligence
08-Apr-24 15:00:52-INFO-Browser is initiated
08-Apr-24 15:01:08-INFO-Microsoft authenticator step is initiated...
08-Apr-24 15:01:08-INFO-Microsoft value is entered...
08-Apr-24 15:02:06-INFO-Successfully landing into content inteliigence page..
08-Apr-24 15:02:06-INFO-Login page verification
08-Apr-24 15:02:11-INFO-******Verify the title of home page***********
08-Apr-24 15:02:12-INFO-Title of home page is Content Intelligence
08-Apr-24 15:09:07-INFO-Browser is initiated
08-Apr-24 15:09:24-INFO-Microsoft authenticator step is initiated...
08-Apr-24 15:09:24-INFO-Microsoft value is entered...
08-Apr-24 15:10:24-INFO-Successfully landing into content inteliigence page..
08-Apr-24 15:10:24-INFO-Login page verification
08-Apr-24 15:10:29-INFO-******Verify the title of home page***********
08-Apr-24 15:10:29-INFO-Title of home page is Content Intelligence
08-Apr-24 16:43:23-INFO-Browser is initiated
08-Apr-24 16:43:38-INFO-Microsoft authenticator step is initiated...
08-Apr-24 16:43:38-INFO-Microsoft value is entered...
08-Apr-24 16:44:37-INFO-Successfully landing into content inteliigence page..
08-Apr-24 16:44:37-INFO-Login page verification
08-Apr-24 16:44:42-INFO-******Verify the title of home page***********
08-Apr-24 16:44:42-INFO-Title of home page is Content Intelligence
08-Apr-24 16:50:42-INFO-Browser is initiated
08-Apr-24 16:50:56-INFO-Microsoft authenticator step is initiated...
08-Apr-24 16:50:56-INFO-Microsoft value is entered...
08-Apr-24 16:51:54-INFO-Successfully landing into content inteliigence page..
08-Apr-24 16:51:54-INFO-Login page verification
08-Apr-24 16:51:59-INFO-******Verify the title of home page***********
08-Apr-24 16:51:59-INFO-Title of home page is Content Intelligence
08-Apr-24 16:59:06-INFO-Browser is initiated
08-Apr-24 16:59:21-INFO-Microsoft authenticator step is initiated...
08-Apr-24 16:59:21-INFO-Microsoft value is entered...
08-Apr-24 17:00:19-INFO-Successfully landing into content inteliigence page..
08-Apr-24 17:00:19-INFO-Login page verification
08-Apr-24 17:00:24-INFO-******Verify the title of home page***********
08-Apr-24 17:00:24-INFO-Title of home page is Content Intelligence
08-Apr-24 17:03:36-INFO-Browser is initiated
08-Apr-24 17:03:51-INFO-Microsoft authenticator step is initiated...
08-Apr-24 17:03:51-INFO-Microsoft value is entered...
08-Apr-24 17:04:49-INFO-Successfully landing into content inteliigence page..
08-Apr-24 17:04:49-INFO-Login page verification
08-Apr-24 17:04:55-INFO-******Verify the title of home page***********
08-Apr-24 17:04:55-INFO-Title of home page is Content Intelligence
08-Apr-24 17:07:50-INFO-Browser is initiated
08-Apr-24 17:08:05-INFO-Microsoft authenticator step is initiated...
08-Apr-24 17:08:05-INFO-Microsoft value is entered...
08-Apr-24 17:09:02-INFO-Successfully landing into content inteliigence page..
08-Apr-24 17:09:02-INFO-Login page verification
08-Apr-24 17:09:08-INFO-******Verify the title of home page***********
08-Apr-24 17:09:08-INFO-Title of home page is Content Intelligence
08-Apr-24 17:10:28-INFO-Browser is initiated
08-Apr-24 17:10:43-INFO-Microsoft authenticator step is initiated...
08-Apr-24 17:10:43-INFO-Microsoft value is entered...
08-Apr-24 17:11:43-INFO-Successfully landing into content inteliigence page..
08-Apr-24 17:11:43-INFO-Login page verification
08-Apr-24 17:11:48-INFO-******Verify the title of home page***********
08-Apr-24 17:11:48-INFO-Title of home page is Content Intelligence
08-Apr-24 17:15:58-INFO-Browser is initiated
08-Apr-24 17:16:13-INFO-Microsoft authenticator step is initiated...
08-Apr-24 17:16:13-INFO-Microsoft value is entered...
08-Apr-24 17:17:11-INFO-Successfully landing into content inteliigence page..
08-Apr-24 17:17:11-INFO-Login page verification
08-Apr-24 17:17:16-INFO-******Verify the title of home page***********
08-Apr-24 17:17:16-INFO-Title of home page is Content Intelligence
08-Apr-24 17:59:28-INFO-Browser is initiated
08-Apr-24 17:59:43-INFO-Microsoft authenticator step is initiated...
08-Apr-24 17:59:43-INFO-Microsoft value is entered...
08-Apr-24 18:00:43-INFO-Successfully landing into content inteliigence page..
08-Apr-24 18:00:43-INFO-Login page verification
08-Apr-24 18:00:48-INFO-******Verify the title of home page***********
08-Apr-24 18:00:48-INFO-Title of home page is Content Intelligence
08-Apr-24 18:28:04-INFO-Browser is initiated
08-Apr-24 18:28:19-INFO-Microsoft authenticator step is initiated...
08-Apr-24 18:28:19-INFO-Microsoft value is entered...
08-Apr-24 18:29:17-INFO-Successfully landing into content inteliigence page..
08-Apr-24 18:29:17-INFO-Login page verification
08-Apr-24 18:29:22-INFO-******Verify the title of home page***********
08-Apr-24 18:29:22-INFO-Title of home page is Content Intelligence
08-Apr-24 18:37:50-INFO-Browser is initiated
08-Apr-24 18:38:05-INFO-Microsoft authenticator step is initiated...
08-Apr-24 18:38:06-INFO-Microsoft value is entered...
08-Apr-24 18:39:05-INFO-Successfully landing into content inteliigence page..
08-Apr-24 18:39:05-INFO-Login page verification
08-Apr-24 18:39:10-INFO-******Verify the title of home page***********
08-Apr-24 18:39:10-INFO-Title of home page is Content Intelligence
10-Apr-24 10:29:25-INFO-Browser is initiated
10-Apr-24 10:29:44-INFO-Microsoft authenticator step is initiated...
10-Apr-24 10:29:44-INFO-Microsoft value is entered...
10-Apr-24 10:30:42-INFO-Successfully landing into content inteliigence page..
10-Apr-24 10:30:42-INFO-Login page verification
10-Apr-24 10:30:47-INFO-******Verify the title of home page***********
10-Apr-24 10:30:48-INFO-Title of home page is Content Intelligence
10-Apr-24 10:43:40-INFO-Browser is initiated
10-Apr-24 10:43:56-INFO-Microsoft authenticator step is initiated...
10-Apr-24 10:43:56-INFO-Microsoft value is entered...
10-Apr-24 10:44:54-INFO-Successfully landing into content inteliigence page..
10-Apr-24 10:44:54-INFO-Login page verification
10-Apr-24 10:44:59-INFO-******Verify the title of home page***********
10-Apr-24 10:44:59-INFO-Title of home page is Content Intelligence
10-Apr-24 10:52:38-INFO-Browser is initiated
10-Apr-24 10:52:56-INFO-Microsoft authenticator step is initiated...
10-Apr-24 10:52:56-INFO-Microsoft value is entered...
10-Apr-24 10:53:54-INFO-Successfully landing into content inteliigence page..
10-Apr-24 10:53:54-INFO-Login page verification
10-Apr-24 10:53:59-INFO-******Verify the title of home page***********
10-Apr-24 10:53:59-INFO-Title of home page is Content Intelligence
10-Apr-24 12:08:29-INFO-Browser is initiated
10-Apr-24 12:08:46-INFO-Microsoft authenticator step is initiated...
10-Apr-24 12:08:46-INFO-Microsoft value is entered...
10-Apr-24 12:09:44-INFO-Successfully landing into content inteliigence page..
10-Apr-24 12:09:44-INFO-Login page verification
10-Apr-24 12:09:49-INFO-******Verify the title of home page***********
10-Apr-24 12:09:49-INFO-Title of home page is Content Intelligence
10-Apr-24 12:13:04-INFO-Browser is initiated
10-Apr-24 12:13:22-INFO-Microsoft authenticator step is initiated...
10-Apr-24 12:13:23-INFO-Microsoft value is entered...
10-Apr-24 12:14:20-INFO-Successfully landing into content inteliigence page..
10-Apr-24 12:14:20-INFO-Login page verification
10-Apr-24 12:14:25-INFO-******Verify the title of home page***********
10-Apr-24 12:14:25-INFO-Title of home page is Content Intelligence
10-Apr-24 12:20:51-INFO-Browser is initiated
10-Apr-24 12:21:06-INFO-Microsoft authenticator step is initiated...
10-Apr-24 12:21:06-INFO-Microsoft value is entered...
10-Apr-24 12:22:06-INFO-Successfully landing into content inteliigence page..
10-Apr-24 12:22:06-INFO-Login page verification
10-Apr-24 12:22:12-INFO-******Verify the title of home page***********
10-Apr-24 12:22:12-INFO-Title of home page is Content Intelligence
24-Apr-24 12:51:25-INFO-Browser is initiated
24-Apr-24 12:52:01-INFO-Microsoft authenticator step is initiated...
24-Apr-24 12:52:01-INFO-Microsoft value is entered...
24-Apr-24 12:52:58-INFO-Successfully landing into content inteliigence page..
24-Apr-24 12:52:58-INFO-Login page verification
24-Apr-24 12:53:04-INFO-******Verify the title of home page***********
24-Apr-24 12:53:04-INFO-Title of home page is Content Intelligence
24-Apr-24 12:53:31-INFO-Browser is initiated
24-Apr-24 12:53:46-INFO-Microsoft authenticator step is initiated...
24-Apr-24 12:53:46-INFO-Microsoft value is entered...
24-Apr-24 12:54:45-INFO-Successfully landing into content inteliigence page..
24-Apr-24 12:54:45-INFO-Login page verification
24-Apr-24 12:54:50-INFO-******Verify the title of home page***********
24-Apr-24 12:54:50-INFO-Title of home page is Content Intelligence
24-Apr-24 17:38:00-INFO-Browser is initiated
24-Apr-24 17:38:21-INFO-Microsoft authenticator step is initiated...
24-Apr-24 17:38:22-INFO-Microsoft value is entered...
24-Apr-24 17:39:20-INFO-Successfully landing into content inteliigence page..
24-Apr-24 17:39:20-INFO-Login page verification
24-Apr-24 17:39:26-INFO-******Verify the title of home page***********
24-Apr-24 17:39:26-INFO-Title of home page is Content Intelligence
24-Apr-24 17:59:10-INFO-Browser is initiated
24-Apr-24 17:59:27-INFO-Microsoft authenticator step is initiated...
24-Apr-24 17:59:28-INFO-Microsoft value is entered...
24-Apr-24 18:00:26-INFO-Successfully landing into content inteliigence page..
24-Apr-24 18:00:26-INFO-Login page verification
24-Apr-24 18:00:31-INFO-******Verify the title of home page***********
24-Apr-24 18:00:31-INFO-Title of home page is Content Intelligence
24-Apr-24 18:04:24-INFO-Browser is initiated
24-Apr-24 18:04:40-INFO-Microsoft authenticator step is initiated...
24-Apr-24 18:04:40-INFO-Microsoft value is entered...
24-Apr-24 18:05:39-INFO-Successfully landing into content inteliigence page..
24-Apr-24 18:05:39-INFO-Login page verification
24-Apr-24 18:05:44-INFO-******Verify the title of home page***********
24-Apr-24 18:05:44-INFO-Title of home page is Content Intelligence
24-Apr-24 18:08:50-INFO-Browser is initiated
24-Apr-24 18:09:06-INFO-Microsoft authenticator step is initiated...
24-Apr-24 18:09:07-INFO-Microsoft value is entered...
24-Apr-24 18:10:06-INFO-Successfully landing into content inteliigence page..
24-Apr-24 18:10:06-INFO-Login page verification
24-Apr-24 18:10:11-INFO-******Verify the title of home page***********
24-Apr-24 18:10:11-INFO-Title of home page is Content Intelligence
24-Apr-24 18:13:07-INFO-Browser is initiated
24-Apr-24 18:13:24-INFO-Microsoft authenticator step is initiated...
24-Apr-24 18:13:24-INFO-Microsoft value is entered...
24-Apr-24 18:14:25-INFO-Successfully landing into content inteliigence page..
24-Apr-24 18:14:25-INFO-Login page verification
24-Apr-24 18:14:31-INFO-******Verify the title of home page***********
24-Apr-24 18:14:31-INFO-Title of home page is Content Intelligence
26-Apr-24 10:31:17-INFO-Browser is initiated
26-Apr-24 10:31:38-INFO-Microsoft authenticator step is initiated...
26-Apr-24 12:09:32-INFO-Browser is initiated
26-Apr-24 12:09:48-INFO-Microsoft authenticator step is initiated...
26-Apr-24 12:09:48-INFO-Microsoft value is entered...
26-Apr-24 12:10:44-INFO-Successfully landing into content inteliigence page..
26-Apr-24 12:10:44-INFO-Login page verification
26-Apr-24 12:10:50-INFO-******Verify the title of home page***********
26-Apr-24 12:10:50-INFO-Title of home page is Content Intelligence
26-Apr-24 12:17:08-INFO-Browser is initiated
26-Apr-24 12:17:24-INFO-Microsoft authenticator step is initiated...
26-Apr-24 12:17:24-INFO-Microsoft value is entered...
26-Apr-24 12:18:22-INFO-Successfully landing into content inteliigence page..
26-Apr-24 12:18:22-INFO-Login page verification
26-Apr-24 12:18:27-INFO-******Verify the title of home page***********
26-Apr-24 12:18:27-INFO-Title of home page is Content Intelligence
26-Apr-24 14:36:56-INFO-Browser is initiated
26-Apr-24 14:37:12-INFO-Microsoft authenticator step is initiated...
26-Apr-24 14:37:12-INFO-Microsoft value is entered...
26-Apr-24 14:38:30-INFO-Browser is initiated
26-Apr-24 14:38:45-INFO-Microsoft authenticator step is initiated...
26-Apr-24 14:38:46-INFO-Microsoft value is entered...
26-Apr-24 14:39:47-INFO-Browser is initiated
26-Apr-24 14:40:03-INFO-Microsoft authenticator step is initiated...
26-Apr-24 14:40:03-INFO-Microsoft value is entered...
26-Apr-24 14:41:00-INFO-Successfully landing into content inteliigence page..
26-Apr-24 14:41:00-INFO-Login page verification
26-Apr-24 14:41:05-INFO-******Verify the title of home page***********
26-Apr-24 14:41:05-INFO-Title of home page is Content Intelligence
26-Apr-24 14:58:14-INFO-Browser is initiated
26-Apr-24 14:58:32-INFO-Microsoft authenticator step is initiated...
26-Apr-24 14:58:33-INFO-Microsoft value is entered...
26-Apr-24 14:59:29-INFO-Successfully landing into content inteliigence page..
26-Apr-24 14:59:29-INFO-Login page verification
26-Apr-24 14:59:35-INFO-******Verify the title of home page***********
26-Apr-24 14:59:35-INFO-Title of home page is Content Intelligence
26-Apr-24 15:46:14-INFO-Browser is initiated
26-Apr-24 15:46:33-INFO-Microsoft authenticator step is initiated...
26-Apr-24 15:46:33-INFO-Microsoft value is entered...
26-Apr-24 15:47:31-INFO-Successfully landing into content inteliigence page..
26-Apr-24 15:47:31-INFO-Login page verification
26-Apr-24 15:47:36-INFO-******Verify the title of home page***********
26-Apr-24 15:47:36-INFO-Title of home page is Content Intelligence
28-Apr-24 17:49:54-INFO-Browser is initiated
28-Apr-24 17:50:12-INFO-Microsoft authenticator step is initiated...
28-Apr-24 17:50:13-INFO-Microsoft value is entered...
28-Apr-24 17:54:35-INFO-Browser is initiated
28-Apr-24 17:54:49-INFO-Microsoft authenticator step is initiated...
28-Apr-24 17:54:50-INFO-Microsoft value is entered...
28-Apr-24 18:02:18-INFO-Browser is initiated
28-Apr-24 18:02:33-INFO-Microsoft authenticator step is initiated...
28-Apr-24 18:02:33-INFO-Microsoft value is entered...
28-Apr-24 18:03:30-INFO-Successfully landing into content inteliigence page..
28-Apr-24 18:03:30-INFO-Login page verification
28-Apr-24 18:17:56-INFO-Browser is initiated
28-Apr-24 18:18:10-INFO-Microsoft authenticator step is initiated...
28-Apr-24 18:18:10-INFO-Microsoft value is entered...
28-Apr-24 18:19:08-INFO-Successfully landing into content inteliigence page..
28-Apr-24 18:19:08-INFO-Login page verification
28-Apr-24 18:21:20-INFO-Browser is initiated
28-Apr-24 18:21:34-INFO-Microsoft authenticator step is initiated...
28-Apr-24 18:21:34-INFO-Microsoft value is entered...
28-Apr-24 18:22:33-INFO-Successfully landing into content inteliigence page..
28-Apr-24 18:22:33-INFO-Login page verification
28-Apr-24 20:09:30-INFO-Browser is initiated
28-Apr-24 20:09:45-INFO-Microsoft authenticator step is initiated...
28-Apr-24 20:09:45-INFO-Microsoft value is entered...
28-Apr-24 20:10:42-INFO-Successfully landing into content inteliigence page..
28-Apr-24 20:10:42-INFO-Login page verification
28-Apr-24 21:56:36-INFO-Browser is initiated
28-Apr-24 22:00:15-INFO-Browser is initiated
